{"timestamp": "2026-03-27T17:29:32.943217+00:00", "level": "INFO", "event": "TELEMETRY_INGESTED", "object_count": 10050, "cdm_warnings": 0, "sim_timestamp": "2026-03-12T08:00:00+00:00"}
{"timestamp": "2026-03-27T17:40:22.931934+00:00", "level": "INFO", "event": "SIM_STEP", "new_timestamp": "2026-03-12T08:01:00+00:00", "collisions": 0, "maneuvers_executed": 0, "total_objects": 10050}
{"timestamp": "2026-03-27T17:40:23.589663+00:00", "level": "INFO", "event": "SIM_STEP", "new_timestamp": "2026-03-12T08:02:00+00:00", "collisions": 0, "maneuvers_executed": 5, "total_objects": 10050}
{"timestamp": "2026-03-27T19:46:48.681930+00:00", "level": "INFO", "event": "SIM_STEP", "new_timestamp": "2026-03-12T09:02:00+00:00", "collisions": 0, "maneuvers_executed": 0, "total_objects": 10050}
{"timestamp": "2026-03-27T19:46:49.533211+00:00", "level": "INFO", "event": "SIM_STEP", "new_timestamp": "2026-03-12T10:02:00+00:00", "collisions": 0, "maneuvers_executed": 3, "total_objects": 10050}
{"timestamp": "2026-03-27T19:46:49.631935+00:00", "level": "INFO", "event": "SIM_STEP", "new_timestamp": "2026-03-12T11:02:00+00:00", "collisions": 0, "maneuvers_executed": 2, "total_objects": 10050}
{"timestamp": "2026-03-27T19:46:50.281766+00:00", "level": "INFO", "event": "SIM_STEP", "new_timestamp": "2026-03-12T12:02:00+00:00", "collisions": 0, "maneuvers_executed": 2, "total_objects": 10050}
{"timestamp": "2026-03-27T19:46:51.143765+00:00", "level": "INFO", "event": "SIM_STEP", "new_timestamp": "2026-03-12T13:02:00+00:00", "collisions": 0, "maneuvers_executed": 3, "total_objects": 10050}
{"timestamp": "2026-03-27T19:46:51.255834+00:00", "level": "INFO", "event": "SIM_STEP", "new_timestamp": "2026-03-12T14:02:00+00:00", "collisions": 0, "maneuvers_executed": 4, "total_objects": 10050}
{"timestamp": "2026-03-27T19:46:51.388737+00:00", "level": "INFO", "event": "SIM_STEP", "new_timestamp": "2026-03-12T15:02:00+00:00", "collisions": 0, "maneuvers_executed": 5, "total_objects": 10050}
{"timestamp": "2026-03-27T19:46:52.295800+00:00", "level": "INFO", "event": "SIM_STEP", "new_timestamp": "2026-03-12T16:02:00+00:00", "collisions": 0, "maneuvers_executed": 1, "total_objects": 10050}
{"timestamp": "2026-03-27T19:46:53.769258+00:00", "level": "INFO", "event": "SIM_STEP", "new_timestamp": "2026-03-12T17:02:00+00:00", "collisions": 0, "maneuvers_executed": 2, "total_objects": 10050}
{"timestamp": "2026-03-27T19:46:54.367486+00:00", "level": "INFO", "event": "SIM_STEP", "new_timestamp": "2026-03-12T18:02:00+00:00", "collisions": 0, "maneuvers_executed": 3, "total_objects": 10050}
{"timestamp": "2026-03-27T19:46:58.163721+00:00", "level": "INFO", "event": "SIM_STEP", "new_timestamp": "2026-03-12T19:02:00+00:00", "collisions": 0, "maneuvers_executed": 4, "total_objects": 10050}
{"timestamp": "2026-03-27T19:46:59.960454+00:00", "level": "INFO", "event": "SIM_STEP", "new_timestamp": "2026-03-12T20:02:00+00:00", "collisions": 0, "maneuvers_executed": 5, "total_objects": 10050}
{"timestamp": "2026-03-27T19:47:00.651206+00:00", "level": "INFO", "event": "SIM_STEP", "new_timestamp": "2026-03-12T21:02:00+00:00", "collisions": 0, "maneuvers_executed": 3, "total_objects": 10050}
{"timestamp": "2026-03-27T19:47:02.620731+00:00", "level": "INFO", "event": "SIM_STEP", "new_timestamp": "2026-03-12T22:02:00+00:00", "collisions": 0, "maneuvers_executed": 2, "total_objects": 10050}
{"timestamp": "2026-03-27T19:47:06.443117+00:00", "level": "INFO", "event": "SIM_STEP", "new_timestamp": "2026-03-12T23:02:00+00:00", "collisions": 0, "maneuvers_executed": 3, "total_objects": 10050}
{"timestamp": "2026-03-27T19:47:10.035149+00:00", "level": "INFO", "event": "SIM_STEP", "new_timestamp": "2026-03-12T23:02:10+00:00", "collisions": 0, "maneuvers_executed": 0, "total_objects": 10050}
{"timestamp": "2026-03-27T19:47:14.312974+00:00", "level": "INFO", "event": "SIM_STEP", "new_timestamp": "2026-03-12T23:02:20+00:00", "collisions": 0, "maneuvers_executed": 4, "total_objects": 10050}
{"timestamp": "2026-03-27T19:47:16.105768+00:00", "level": "INFO", "event": "SIM_STEP", "new_timestamp": "2026-03-12T23:02:30+00:00", "collisions": 0, "maneuvers_executed": 1, "total_objects": 10050}
{"timestamp": "2026-03-27T19:47:18.610429+00:00", "level": "INFO", "event": "SIM_STEP", "new_timestamp": "2026-03-12T23:02:40+00:00", "collisions": 0, "maneuvers_executed": 0, "total_objects": 10050}
{"timestamp": "2026-03-27T19:47:20.013841+00:00", "level": "INFO", "event": "SIM_STEP", "new_timestamp": "2026-03-12T23:02:50+00:00", "collisions": 0, "maneuvers_executed": 0, "total_objects": 10050}
{"timestamp": "2026-03-27T19:47:34.104418+00:00", "level": "INFO", "event": "SIM_STEP", "new_timestamp": "2026-03-13T23:02:50+00:00", "collisions": 0, "maneuvers_executed": 0, "total_objects": 10050}
{"timestamp": "2026-03-27T19:47:36.648473+00:00", "level": "INFO", "event": "SIM_STEP", "new_timestamp": "2026-03-14T23:02:50+00:00", "collisions": 0, "maneuvers_executed": 6, "total_objects": 10050}
{"timestamp": "2026-03-27T19:48:54.641312+00:00", "level": "INFO", "event": "SIM_STEP", "new_timestamp": "2026-03-15T23:02:50+00:00", "collisions": 0, "maneuvers_executed": 6, "total_objects": 10050}
{"timestamp": "2026-03-27T19:49:25.973820+00:00", "level": "INFO", "event": "SIM_STEP", "new_timestamp": "2026-03-16T23:02:50+00:00", "collisions": 0, "maneuvers_executed": 2, "total_objects": 10050}
{"timestamp": "2026-03-27T19:49:42.524816+00:00", "level": "INFO", "event": "SIM_STEP", "new_timestamp": "2026-03-17T23:02:50+00:00", "collisions": 0, "maneuvers_executed": 3, "total_objects": 10050}
{"timestamp": "2026-03-27T20:17:02.539873+00:00", "level": "INFO", "event": "SIM_STEP", "new_timestamp": "2026-03-17T23:03:50+00:00", "collisions": 0, "maneuvers_executed": 5, "total_objects": 10050}
{"timestamp": "2026-03-27T20:17:06.000512+00:00", "level": "INFO", "event": "SIM_STEP", "new_timestamp": "2026-03-17T23:04:50+00:00", "collisions": 0, "maneuvers_executed": 1, "total_objects": 10050}
{"timestamp": "2026-03-27T20:17:08.724521+00:00", "level": "INFO", "event": "SIM_STEP", "new_timestamp": "2026-03-17T23:05:50+00:00", "collisions": 0, "maneuvers_executed": 0, "total_objects": 10050}
{"timestamp": "2026-03-27T20:17:11.142020+00:00", "level": "INFO", "event": "SIM_STEP", "new_timestamp": "2026-03-17T23:06:50+00:00", "collisions": 0, "maneuvers_executed": 1, "total_objects": 10050}
{"timestamp": "2026-03-28T03:10:23.408663+00:00", "level": "INFO", "event": "TELEMETRY_INGESTED", "object_count": 10050, "cdm_warnings": 0, "sim_timestamp": "2026-03-12T08:00:00+00:00"}
{"timestamp": "2026-03-28T03:24:14.278316+00:00", "level": "INFO", "event": "SIM_STEP", "new_timestamp": "2026-03-12T08:01:00+00:00", "collisions": 0, "maneuvers_executed": 0, "total_objects": 10050}
{"timestamp": "2026-03-28T03:24:17.328174+00:00", "level": "INFO", "event": "SIM_STEP", "new_timestamp": "2026-03-12T08:02:00+00:00", "collisions": 0, "maneuvers_executed": 0, "total_objects": 10050}
{"timestamp": "2026-03-28T03:25:15.432334+00:00", "level": "INFO", "event": "SIM_STEP", "new_timestamp": "2026-03-12T08:03:00+00:00", "collisions": 0, "maneuvers_executed": 0, "total_objects": 10050}
{"timestamp": "2026-03-28T03:25:17.357794+00:00", "level": "INFO", "event": "SIM_STEP", "new_timestamp": "2026-03-12T08:04:00+00:00", "collisions": 0, "maneuvers_executed": 0, "total_objects": 10050}
{"timestamp": "2026-03-28T03:25:20.113428+00:00", "level": "INFO", "event": "SIM_STEP", "new_timestamp": "2026-03-12T08:05:00+00:00", "collisions": 0, "maneuvers_executed": 0, "total_objects": 10050}
{"timestamp": "2026-03-28T03:25:21.872698+00:00", "level": "INFO", "event": "SIM_STEP", "new_timestamp": "2026-03-12T08:06:00+00:00", "collisions": 0, "maneuvers_executed": 0, "total_objects": 10050}
{"timestamp": "2026-03-28T03:28:47.613106+00:00", "level": "INFO", "event": "SIM_STEP", "new_timestamp": "2026-03-12T08:07:00+00:00", "collisions": 0, "maneuvers_executed": 0, "total_objects": 10050}
{"timestamp": "2026-03-28T03:28:49.377200+00:00", "level": "INFO", "event": "SIM_STEP", "new_timestamp": "2026-03-12T08:08:00+00:00", "collisions": 0, "maneuvers_executed": 0, "total_objects": 10050}
{"timestamp": "2026-03-28T03:28:50.405425+00:00", "level": "INFO", "event": "SIM_STEP", "new_timestamp": "2026-03-12T08:09:00+00:00", "collisions": 0, "maneuvers_executed": 0, "total_objects": 10050}
{"timestamp": "2026-03-28T03:28:51.663234+00:00", "level": "INFO", "event": "SIM_STEP", "new_timestamp": "2026-03-12T08:10:00+00:00", "collisions": 0, "maneuvers_executed": 0, "total_objects": 10050}
{"timestamp": "2026-03-28T03:28:52.659847+00:00", "level": "INFO", "event": "SIM_STEP", "new_timestamp": "2026-03-12T08:11:00+00:00", "collisions": 0, "maneuvers_executed": 0, "total_objects": 10050}
{"timestamp": "2026-03-28T07:50:47.273572+00:00", "level": "INFO", "event": "TELEMETRY_INGESTED", "object_count": 10050, "cdm_warnings": 0, "sim_timestamp": "2026-03-12T08:00:00+00:00"}
{"timestamp": "2026-03-28T07:52:19.603714+00:00", "level": "INFO", "event": "TELEMETRY_INGESTED", "object_count": 10050, "cdm_warnings": 0, "sim_timestamp": "2026-03-12T08:00:00+00:00"}
{"timestamp": "2026-03-28T07:54:26.727010+00:00", "level": "INFO", "event": "TELEMETRY_INGESTED", "object_count": 10000, "cdm_warnings": 0, "sim_timestamp": "2026-03-12T08:00:00+00:00"}
{"timestamp": "2026-03-28T08:00:20.656907+00:00", "level": "INFO", "event": "TELEMETRY_INGESTED", "object_count": 10050, "cdm_warnings": 0, "sim_timestamp": "2026-03-12T08:00:00+00:00"}
{"timestamp": "2026-03-28T15:07:38.672856+00:00", "level": "INFO", "event": "TELEMETRY_INGESTED", "object_count": 250, "cdm_warnings": 0, "sim_timestamp": "2026-03-12T08:00:00+00:00"}
{"timestamp": "2026-03-28T15:08:21.528199+00:00", "level": "INFO", "event": "CDM_DETECTED", "sat_id": "SATELLITE-GEN-001", "deb_id": "DEB-COLLIDER-001", "tca_seconds": 65.9, "miss_distance_km": 0.8638, "risk_level": "RED"}
{"timestamp": "2026-03-28T15:08:21.528199+00:00", "level": "INFO", "event": "TELEMETRY_INGESTED", "object_count": 1, "cdm_warnings": 1, "sim_timestamp": "2026-03-12T08:00:00.000Z"}
{"timestamp": "2026-03-28T15:08:25.822567+00:00", "level": "INFO", "event": "CDM_DETECTED", "sat_id": "SATELLITE-GEN-001", "deb_id": "DEB-COLLIDER-001", "tca_seconds": 60.9, "miss_distance_km": 0.6832, "risk_level": "RED"}
{"timestamp": "2026-03-28T15:08:25.825567+00:00", "level": "INFO", "event": "SIM_STEP", "new_timestamp": "2026-03-12T08:00:05+00:00", "collisions": 0, "maneuvers_executed": 0, "total_objects": 251}
{"timestamp": "2026-03-28T15:08:27.887182+00:00", "level": "INFO", "event": "CDM_DETECTED", "sat_id": "SATELLITE-GEN-001", "deb_id": "DEB-COLLIDER-001", "tca_seconds": 55.9, "miss_distance_km": 0.5304, "risk_level": "RED"}
{"timestamp": "2026-03-28T15:08:27.891182+00:00", "level": "INFO", "event": "SIM_STEP", "new_timestamp": "2026-03-12T08:00:10+00:00", "collisions": 0, "maneuvers_executed": 0, "total_objects": 251}
{"timestamp": "2026-03-28T15:08:29.982216+00:00", "level": "INFO", "event": "CDM_DETECTED", "sat_id": "SATELLITE-GEN-001", "deb_id": "DEB-COLLIDER-001", "tca_seconds": 50.9, "miss_distance_km": 0.4031, "risk_level": "RED"}
{"timestamp": "2026-03-28T15:08:29.986246+00:00", "level": "INFO", "event": "SIM_STEP", "new_timestamp": "2026-03-12T08:00:15+00:00", "collisions": 0, "maneuvers_executed": 0, "total_objects": 251}
{"timestamp": "2026-03-28T15:08:32.056447+00:00", "level": "INFO", "event": "CDM_DETECTED", "sat_id": "SATELLITE-GEN-001", "deb_id": "DEB-COLLIDER-001", "tca_seconds": 45.9, "miss_distance_km": 0.2994, "risk_level": "RED"}
{"timestamp": "2026-03-28T15:08:32.060451+00:00", "level": "INFO", "event": "SIM_STEP", "new_timestamp": "2026-03-12T08:00:20+00:00", "collisions": 0, "maneuvers_executed": 0, "total_objects": 251}
{"timestamp": "2026-03-28T15:08:34.130809+00:00", "level": "INFO", "event": "CDM_DETECTED", "sat_id": "SATELLITE-GEN-001", "deb_id": "DEB-COLLIDER-001", "tca_seconds": 40.8, "miss_distance_km": 0.2175, "risk_level": "RED"}
{"timestamp": "2026-03-28T15:08:34.135812+00:00", "level": "INFO", "event": "SIM_STEP", "new_timestamp": "2026-03-12T08:00:25+00:00", "collisions": 0, "maneuvers_executed": 0, "total_objects": 251}
{"timestamp": "2026-03-28T15:08:36.234269+00:00", "level": "INFO", "event": "CDM_DETECTED", "sat_id": "SATELLITE-GEN-001", "deb_id": "DEB-COLLIDER-001", "tca_seconds": 35.8, "miss_distance_km": 0.1557, "risk_level": "RED"}
{"timestamp": "2026-03-28T15:08:36.238299+00:00", "level": "INFO", "event": "SIM_STEP", "new_timestamp": "2026-03-12T08:00:30+00:00", "collisions": 0, "maneuvers_executed": 0, "total_objects": 251}
{"timestamp": "2026-03-28T15:08:38.307330+00:00", "level": "INFO", "event": "CDM_DETECTED", "sat_id": "SATELLITE-GEN-001", "deb_id": "DEB-COLLIDER-001", "tca_seconds": 30.8, "miss_distance_km": 0.1128, "risk_level": "RED"}
{"timestamp": "2026-03-28T15:08:38.311334+00:00", "level": "INFO", "event": "SIM_STEP", "new_timestamp": "2026-03-12T08:00:35+00:00", "collisions": 0, "maneuvers_executed": 0, "total_objects": 251}
{"timestamp": "2026-03-28T15:08:40.447472+00:00", "level": "INFO", "event": "SIM_STEP", "new_timestamp": "2026-03-12T08:00:40+00:00", "collisions": 0, "maneuvers_executed": 0, "total_objects": 251}
{"timestamp": "2026-03-28T15:08:42.568186+00:00", "level": "INFO", "event": "SIM_STEP", "new_timestamp": "2026-03-12T08:00:45+00:00", "collisions": 0, "maneuvers_executed": 0, "total_objects": 251}
{"timestamp": "2026-03-28T15:08:44.639572+00:00", "level": "WARNING", "event": "CDM_DETECTED", "sat_id": "SATELLITE-GEN-001", "deb_id": "DEB-COLLIDER-001", "tca_seconds": 15.8, "miss_distance_km": 0.0706, "risk_level": "CRITICAL"}
{"timestamp": "2026-03-28T15:08:44.659323+00:00", "level": "INFO", "event": "MANEUVER_SCHEDULED", "sat_id": "SATELLITE-GEN-001", "burn_id": "EVD_00001", "burn_type": "EVASION", "delta_v_ms": 15.0, "burn_time": "2026-03-12 08:01:01+00:00"}
{"timestamp": "2026-03-28T15:08:44.661329+00:00", "level": "INFO", "event": "SIM_STEP", "new_timestamp": "2026-03-12T08:00:50+00:00", "collisions": 0, "maneuvers_executed": 0, "total_objects": 251}
{"timestamp": "2026-03-28T15:08:46.731459+00:00", "level": "WARNING", "event": "CDM_DETECTED", "sat_id": "SATELLITE-GEN-001", "deb_id": "DEB-COLLIDER-001", "tca_seconds": 10.8, "miss_distance_km": 0.0697, "risk_level": "CRITICAL"}
{"timestamp": "2026-03-28T15:08:46.736565+00:00", "level": "INFO", "event": "SIM_STEP", "new_timestamp": "2026-03-12T08:00:55+00:00", "collisions": 0, "maneuvers_executed": 0, "total_objects": 251}
{"timestamp": "2026-03-28T15:08:48.804386+00:00", "level": "INFO", "event": "CDM_DETECTED", "sat_id": "SATELLITE-GEN-001", "deb_id": "DEB-COLLIDER-001", "tca_seconds": 6.0, "miss_distance_km": 1.3569, "risk_level": "YELLOW"}
{"timestamp": "2026-03-28T15:08:48.806732+00:00", "level": "INFO", "event": "SIM_STEP", "new_timestamp": "2026-03-12T08:01:00+00:00", "collisions": 0, "maneuvers_executed": 0, "total_objects": 251}
{"timestamp": "2026-03-28T15:08:51.118066+00:00", "level": "INFO", "event": "SIM_STEP", "new_timestamp": "2026-03-12T08:01:05+00:00", "collisions": 0, "maneuvers_executed": 1, "total_objects": 251}
{"timestamp": "2026-03-28T15:08:53.381043+00:00", "level": "INFO", "event": "SIM_STEP", "new_timestamp": "2026-03-12T08:01:10+00:00", "collisions": 0, "maneuvers_executed": 0, "total_objects": 251}
{"timestamp": "2026-03-28T15:08:55.507375+00:00", "level": "INFO", "event": "SIM_STEP", "new_timestamp": "2026-03-12T08:01:15+00:00", "collisions": 0, "maneuvers_executed": 0, "total_objects": 251}
{"timestamp": "2026-03-28T15:08:57.628313+00:00", "level": "INFO", "event": "SIM_STEP", "new_timestamp": "2026-03-12T08:01:20+00:00", "collisions": 0, "maneuvers_executed": 0, "total_objects": 251}
{"timestamp": "2026-03-28T15:08:59.712385+00:00", "level": "INFO", "event": "SIM_STEP", "new_timestamp": "2026-03-12T08:01:25+00:00", "collisions": 0, "maneuvers_executed": 0, "total_objects": 251}
{"timestamp": "2026-03-28T15:09:01.831149+00:00", "level": "INFO", "event": "SIM_STEP", "new_timestamp": "2026-03-12T08:01:30+00:00", "collisions": 0, "maneuvers_executed": 0, "total_objects": 251}
{"timestamp": "2026-03-28T15:09:03.904655+00:00", "level": "INFO", "event": "SIM_STEP", "new_timestamp": "2026-03-12T08:01:35+00:00", "collisions": 0, "maneuvers_executed": 0, "total_objects": 251}
{"timestamp": "2026-03-28T15:09:05.979120+00:00", "level": "INFO", "event": "SIM_STEP", "new_timestamp": "2026-03-12T08:01:40+00:00", "collisions": 0, "maneuvers_executed": 0, "total_objects": 251}
{"timestamp": "2026-03-28T15:09:08.035709+00:00", "level": "INFO", "event": "SIM_STEP", "new_timestamp": "2026-03-12T08:01:45+00:00", "collisions": 0, "maneuvers_executed": 0, "total_objects": 251}
{"timestamp": "2026-03-28T15:09:10.104195+00:00", "level": "INFO", "event": "SIM_STEP", "new_timestamp": "2026-03-12T08:01:50+00:00", "collisions": 0, "maneuvers_executed": 0, "total_objects": 251}
{"timestamp": "2026-03-28T15:09:12.159677+00:00", "level": "INFO", "event": "SIM_STEP", "new_timestamp": "2026-03-12T08:01:55+00:00", "collisions": 0, "maneuvers_executed": 0, "total_objects": 251}
{"timestamp": "2026-03-28T15:09:14.229581+00:00", "level": "INFO", "event": "SIM_STEP", "new_timestamp": "2026-03-12T08:02:00+00:00", "collisions": 0, "maneuvers_executed": 0, "total_objects": 251}
{"timestamp": "2026-03-28T15:09:16.302697+00:00", "level": "INFO", "event": "SIM_STEP", "new_timestamp": "2026-03-12T08:02:05+00:00", "collisions": 0, "maneuvers_executed": 0, "total_objects": 251}
{"timestamp": "2026-03-28T15:09:18.377353+00:00", "level": "INFO", "event": "SIM_STEP", "new_timestamp": "2026-03-12T08:02:10+00:00", "collisions": 0, "maneuvers_executed": 0, "total_objects": 251}
{"timestamp": "2026-03-28T15:09:20.433586+00:00", "level": "INFO", "event": "SIM_STEP", "new_timestamp": "2026-03-12T08:02:15+00:00", "collisions": 0, "maneuvers_executed": 0, "total_objects": 251}
{"timestamp": "2026-03-28T15:09:22.496769+00:00", "level": "INFO", "event": "SIM_STEP", "new_timestamp": "2026-03-12T08:02:20+00:00", "collisions": 0, "maneuvers_executed": 0, "total_objects": 251}
{"timestamp": "2026-03-28T15:09:24.548098+00:00", "level": "INFO", "event": "SIM_STEP", "new_timestamp": "2026-03-12T08:02:25+00:00", "collisions": 0, "maneuvers_executed": 0, "total_objects": 251}
{"timestamp": "2026-03-28T15:09:26.601406+00:00", "level": "INFO", "event": "SIM_STEP", "new_timestamp": "2026-03-12T08:02:30+00:00", "collisions": 0, "maneuvers_executed": 0, "total_objects": 251}
{"timestamp": "2026-03-28T15:09:30.724966+00:00", "level": "INFO", "event": "SIM_STEP", "new_timestamp": "2026-03-12T09:02:30+00:00", "collisions": 0, "maneuvers_executed": 1, "total_objects": 251}
{"timestamp": "2026-03-28T15:09:32.796457+00:00", "level": "INFO", "event": "SIM_STEP", "new_timestamp": "2026-03-12T10:02:30+00:00", "collisions": 0, "maneuvers_executed": 1, "total_objects": 251}
{"timestamp": "2026-03-28T15:09:34.892581+00:00", "level": "INFO", "event": "SIM_STEP", "new_timestamp": "2026-03-12T11:02:30+00:00", "collisions": 0, "maneuvers_executed": 1, "total_objects": 251}
{"timestamp": "2026-03-28T15:09:36.959208+00:00", "level": "INFO", "event": "SIM_STEP", "new_timestamp": "2026-03-12T12:02:30+00:00", "collisions": 0, "maneuvers_executed": 0, "total_objects": 251}
{"timestamp": "2026-03-28T15:09:39.003846+00:00", "level": "INFO", "event": "SIM_STEP", "new_timestamp": "2026-03-12T13:02:30+00:00", "collisions": 0, "maneuvers_executed": 1, "total_objects": 251}
{"timestamp": "2026-03-28T15:09:41.055046+00:00", "level": "INFO", "event": "SIM_STEP", "new_timestamp": "2026-03-12T14:02:30+00:00", "collisions": 0, "maneuvers_executed": 1, "total_objects": 251}
{"timestamp": "2026-03-28T15:09:43.099262+00:00", "level": "INFO", "event": "SIM_STEP", "new_timestamp": "2026-03-12T15:02:30+00:00", "collisions": 0, "maneuvers_executed": 1, "total_objects": 251}
{"timestamp": "2026-03-28T15:09:45.154737+00:00", "level": "INFO", "event": "SIM_STEP", "new_timestamp": "2026-03-12T16:02:30+00:00", "collisions": 0, "maneuvers_executed": 1, "total_objects": 251}
{"timestamp": "2026-03-28T15:09:47.221908+00:00", "level": "INFO", "event": "SIM_STEP", "new_timestamp": "2026-03-12T17:02:30+00:00", "collisions": 0, "maneuvers_executed": 0, "total_objects": 251}
{"timestamp": "2026-03-28T15:09:49.268801+00:00", "level": "INFO", "event": "SIM_STEP", "new_timestamp": "2026-03-12T18:02:30+00:00", "collisions": 0, "maneuvers_executed": 1, "total_objects": 251}
{"timestamp": "2026-03-28T15:09:51.324877+00:00", "level": "INFO", "event": "SIM_STEP", "new_timestamp": "2026-03-12T19:02:30+00:00", "collisions": 0, "maneuvers_executed": 1, "total_objects": 251}
{"timestamp": "2026-03-28T15:09:53.382828+00:00", "level": "INFO", "event": "SIM_STEP", "new_timestamp": "2026-03-12T20:02:30+00:00", "collisions": 0, "maneuvers_executed": 1, "total_objects": 251}
{"timestamp": "2026-03-28T15:09:55.439409+00:00", "level": "INFO", "event": "SIM_STEP", "new_timestamp": "2026-03-12T21:02:30+00:00", "collisions": 0, "maneuvers_executed": 1, "total_objects": 251}
{"timestamp": "2026-03-28T15:09:57.516444+00:00", "level": "INFO", "event": "SIM_STEP", "new_timestamp": "2026-03-12T22:02:30+00:00", "collisions": 0, "maneuvers_executed": 0, "total_objects": 251}
{"timestamp": "2026-03-28T15:09:59.574736+00:00", "level": "INFO", "event": "SIM_STEP", "new_timestamp": "2026-03-12T23:02:30+00:00", "collisions": 0, "maneuvers_executed": 1, "total_objects": 251}
{"timestamp": "2026-03-28T15:10:01.624758+00:00", "level": "INFO", "event": "SIM_STEP", "new_timestamp": "2026-03-13T00:02:30+00:00", "collisions": 0, "maneuvers_executed": 1, "total_objects": 251}
{"timestamp": "2026-03-28T15:10:03.679360+00:00", "level": "INFO", "event": "SIM_STEP", "new_timestamp": "2026-03-13T01:02:30+00:00", "collisions": 0, "maneuvers_executed": 1, "total_objects": 251}
{"timestamp": "2026-03-28T15:10:05.732221+00:00", "level": "INFO", "event": "SIM_STEP", "new_timestamp": "2026-03-13T02:02:30+00:00", "collisions": 0, "maneuvers_executed": 1, "total_objects": 251}
{"timestamp": "2026-03-28T15:10:07.808850+00:00", "level": "INFO", "event": "SIM_STEP", "new_timestamp": "2026-03-13T03:02:30+00:00", "collisions": 0, "maneuvers_executed": 1, "total_objects": 251}
{"timestamp": "2026-03-28T15:10:09.878387+00:00", "level": "INFO", "event": "SIM_STEP", "new_timestamp": "2026-03-13T04:02:30+00:00", "collisions": 0, "maneuvers_executed": 0, "total_objects": 251}
{"timestamp": "2026-03-28T15:10:11.926123+00:00", "level": "INFO", "event": "SIM_STEP", "new_timestamp": "2026-03-13T05:02:30+00:00", "collisions": 0, "maneuvers_executed": 1, "total_objects": 251}
{"timestamp": "2026-03-28T15:10:13.974555+00:00", "level": "INFO", "event": "SIM_STEP", "new_timestamp": "2026-03-13T06:02:30+00:00", "collisions": 0, "maneuvers_executed": 0, "total_objects": 251}
{"timestamp": "2026-03-28T15:10:16.030411+00:00", "level": "INFO", "event": "SIM_STEP", "new_timestamp": "2026-03-13T07:02:30+00:00", "collisions": 0, "maneuvers_executed": 1, "total_objects": 251}
{"timestamp": "2026-03-28T15:10:18.090870+00:00", "level": "INFO", "event": "SIM_STEP", "new_timestamp": "2026-03-13T08:02:30+00:00", "collisions": 0, "maneuvers_executed": 1, "total_objects": 251}
{"timestamp": "2026-03-28T15:12:48.040732+00:00", "level": "INFO", "event": "SIM_STEP", "new_timestamp": "2026-03-14T08:02:30+00:00", "collisions": 0, "maneuvers_executed": 1, "total_objects": 251}
{"timestamp": "2026-03-28T15:12:53.804037+00:00", "level": "INFO", "event": "SIM_STEP", "new_timestamp": "2026-03-15T08:02:30+00:00", "collisions": 0, "maneuvers_executed": 1, "total_objects": 251}
{"timestamp": "2026-03-28T15:12:55.754770+00:00", "level": "INFO", "event": "SIM_STEP", "new_timestamp": "2026-03-16T08:02:30+00:00", "collisions": 0, "maneuvers_executed": 1, "total_objects": 251}
{"timestamp": "2026-03-28T15:13:20.339530+00:00", "level": "INFO", "event": "SIM_STEP", "new_timestamp": "2026-03-17T08:02:30+00:00", "collisions": 0, "maneuvers_executed": 1, "total_objects": 251}
{"timestamp": "2026-03-28T15:13:25.032035+00:00", "level": "INFO", "event": "SIM_STEP", "new_timestamp": "2026-03-18T08:02:30+00:00", "collisions": 0, "maneuvers_executed": 1, "total_objects": 251}
{"timestamp": "2026-03-28T15:13:27.165150+00:00", "level": "INFO", "event": "SIM_STEP", "new_timestamp": "2026-03-19T08:02:30+00:00", "collisions": 0, "maneuvers_executed": 1, "total_objects": 251}
{"timestamp": "2026-03-28T15:13:28.324998+00:00", "level": "INFO", "event": "SIM_STEP", "new_timestamp": "2026-03-20T08:02:30+00:00", "collisions": 0, "maneuvers_executed": 1, "total_objects": 251}
{"timestamp": "2026-03-28T15:13:29.330584+00:00", "level": "INFO", "event": "SIM_STEP", "new_timestamp": "2026-03-21T08:02:30+00:00", "collisions": 0, "maneuvers_executed": 1, "total_objects": 251}
{"timestamp": "2026-03-28T15:13:30.223347+00:00", "level": "INFO", "event": "SIM_STEP", "new_timestamp": "2026-03-22T08:02:30+00:00", "collisions": 0, "maneuvers_executed": 1, "total_objects": 251}
{"timestamp": "2026-03-28T15:13:30.904188+00:00", "level": "INFO", "event": "SIM_STEP", "new_timestamp": "2026-03-23T08:02:30+00:00", "collisions": 0, "maneuvers_executed": 1, "total_objects": 251}
{"timestamp": "2026-03-28T15:13:31.774252+00:00", "level": "INFO", "event": "SIM_STEP", "new_timestamp": "2026-03-24T08:02:30+00:00", "collisions": 0, "maneuvers_executed": 1, "total_objects": 251}
{"timestamp": "2026-03-28T15:13:32.536597+00:00", "level": "INFO", "event": "SIM_STEP", "new_timestamp": "2026-03-25T08:02:30+00:00", "collisions": 0, "maneuvers_executed": 1, "total_objects": 251}
{"timestamp": "2026-03-28T15:13:33.196860+00:00", "level": "INFO", "event": "SIM_STEP", "new_timestamp": "2026-03-26T08:02:30+00:00", "collisions": 0, "maneuvers_executed": 1, "total_objects": 251}
{"timestamp": "2026-03-28T15:13:34.145377+00:00", "level": "INFO", "event": "SIM_STEP", "new_timestamp": "2026-03-27T08:02:30+00:00", "collisions": 0, "maneuvers_executed": 1, "total_objects": 251}
{"timestamp": "2026-03-28T15:13:34.992771+00:00", "level": "INFO", "event": "SIM_STEP", "new_timestamp": "2026-03-28T08:02:30+00:00", "collisions": 0, "maneuvers_executed": 1, "total_objects": 251}
{"timestamp": "2026-03-28T15:13:35.830051+00:00", "level": "INFO", "event": "SIM_STEP", "new_timestamp": "2026-03-29T08:02:30+00:00", "collisions": 0, "maneuvers_executed": 1, "total_objects": 251}
{"timestamp": "2026-03-28T15:13:50.978564+00:00", "level": "INFO", "event": "SIM_STEP", "new_timestamp": "2026-03-30T08:02:30+00:00", "collisions": 0, "maneuvers_executed": 1, "total_objects": 251}
{"timestamp": "2026-03-28T15:13:52.189053+00:00", "level": "INFO", "event": "SIM_STEP", "new_timestamp": "2026-03-31T08:02:30+00:00", "collisions": 0, "maneuvers_executed": 1, "total_objects": 251}
{"timestamp": "2026-03-28T15:13:53.327107+00:00", "level": "INFO", "event": "SIM_STEP", "new_timestamp": "2026-04-01T08:02:30+00:00", "collisions": 0, "maneuvers_executed": 1, "total_objects": 251}
{"timestamp": "2026-03-28T15:13:54.337831+00:00", "level": "INFO", "event": "SIM_STEP", "new_timestamp": "2026-04-02T08:02:30+00:00", "collisions": 0, "maneuvers_executed": 1, "total_objects": 251}
{"timestamp": "2026-03-28T15:13:55.306119+00:00", "level": "INFO", "event": "SIM_STEP", "new_timestamp": "2026-04-03T08:02:30+00:00", "collisions": 0, "maneuvers_executed": 1, "total_objects": 251}
{"timestamp": "2026-03-28T15:13:56.104491+00:00", "level": "INFO", "event": "SIM_STEP", "new_timestamp": "2026-04-04T08:02:30+00:00", "collisions": 0, "maneuvers_executed": 1, "total_objects": 251}
{"timestamp": "2026-03-28T15:13:56.919041+00:00", "level": "INFO", "event": "SIM_STEP", "new_timestamp": "2026-04-05T08:02:30+00:00", "collisions": 0, "maneuvers_executed": 1, "total_objects": 251}
{"timestamp": "2026-03-28T15:14:49.105979+00:00", "level": "INFO", "event": "TELEMETRY_INGESTED", "object_count": 250, "cdm_warnings": 0, "sim_timestamp": "2026-03-12T08:00:00+00:00"}
{"timestamp": "2026-03-28T15:15:00.079724+00:00", "level": "INFO", "event": "SIM_STEP", "new_timestamp": "2026-03-13T08:00:00+00:00", "collisions": 0, "maneuvers_executed": 0, "total_objects": 250}
{"timestamp": "2026-03-28T15:15:04.408163+00:00", "level": "INFO", "event": "SIM_STEP", "new_timestamp": "2026-03-14T08:00:00+00:00", "collisions": 0, "maneuvers_executed": 0, "total_objects": 250}
{"timestamp": "2026-03-28T15:15:17.248215+00:00", "level": "INFO", "event": "TELEMETRY_INGESTED", "object_count": 250, "cdm_warnings": 0, "sim_timestamp": "2026-03-12T08:00:00+00:00"}
{"timestamp": "2026-03-28T15:16:03.359614+00:00", "level": "INFO", "event": "CDM_DETECTED", "sat_id": "SATELLITE-GEN-001", "deb_id": "DEB-COLLIDER-001", "tca_seconds": 65.9, "miss_distance_km": 0.8638, "risk_level": "RED"}
{"timestamp": "2026-03-28T15:16:03.359614+00:00", "level": "INFO", "event": "TELEMETRY_INGESTED", "object_count": 1, "cdm_warnings": 1, "sim_timestamp": "2026-03-12T08:00:00.000Z"}
{"timestamp": "2026-03-28T15:16:07.586308+00:00", "level": "INFO", "event": "CDM_DETECTED", "sat_id": "SATELLITE-GEN-001", "deb_id": "DEB-COLLIDER-001", "tca_seconds": 60.9, "miss_distance_km": 0.6832, "risk_level": "RED"}
{"timestamp": "2026-03-28T15:16:07.592358+00:00", "level": "INFO", "event": "SIM_STEP", "new_timestamp": "2026-03-12T08:00:05+00:00", "collisions": 0, "maneuvers_executed": 0, "total_objects": 251}
{"timestamp": "2026-03-28T15:16:09.634399+00:00", "level": "INFO", "event": "CDM_DETECTED", "sat_id": "SATELLITE-GEN-001", "deb_id": "DEB-COLLIDER-001", "tca_seconds": 55.9, "miss_distance_km": 0.5304, "risk_level": "RED"}
{"timestamp": "2026-03-28T15:16:09.638417+00:00", "level": "INFO", "event": "SIM_STEP", "new_timestamp": "2026-03-12T08:00:10+00:00", "collisions": 0, "maneuvers_executed": 0, "total_objects": 251}
{"timestamp": "2026-03-28T15:16:11.710506+00:00", "level": "INFO", "event": "CDM_DETECTED", "sat_id": "SATELLITE-GEN-001", "deb_id": "DEB-COLLIDER-001", "tca_seconds": 50.9, "miss_distance_km": 0.4031, "risk_level": "RED"}
{"timestamp": "2026-03-28T15:16:11.715502+00:00", "level": "INFO", "event": "SIM_STEP", "new_timestamp": "2026-03-12T08:00:15+00:00", "collisions": 0, "maneuvers_executed": 0, "total_objects": 251}
{"timestamp": "2026-03-28T15:16:13.780083+00:00", "level": "INFO", "event": "CDM_DETECTED", "sat_id": "SATELLITE-GEN-001", "deb_id": "DEB-COLLIDER-001", "tca_seconds": 45.9, "miss_distance_km": 0.2994, "risk_level": "RED"}
{"timestamp": "2026-03-28T15:16:13.784090+00:00", "level": "INFO", "event": "SIM_STEP", "new_timestamp": "2026-03-12T08:00:20+00:00", "collisions": 0, "maneuvers_executed": 0, "total_objects": 251}
{"timestamp": "2026-03-28T15:16:15.868655+00:00", "level": "INFO", "event": "CDM_DETECTED", "sat_id": "SATELLITE-GEN-001", "deb_id": "DEB-COLLIDER-001", "tca_seconds": 40.8, "miss_distance_km": 0.2175, "risk_level": "RED"}
{"timestamp": "2026-03-28T15:16:15.892200+00:00", "level": "INFO", "event": "SIM_STEP", "new_timestamp": "2026-03-12T08:00:25+00:00", "collisions": 0, "maneuvers_executed": 0, "total_objects": 251}
{"timestamp": "2026-03-28T15:16:17.938777+00:00", "level": "INFO", "event": "CDM_DETECTED", "sat_id": "SATELLITE-GEN-001", "deb_id": "DEB-COLLIDER-001", "tca_seconds": 35.8, "miss_distance_km": 0.1557, "risk_level": "RED"}
{"timestamp": "2026-03-28T15:16:17.943002+00:00", "level": "INFO", "event": "SIM_STEP", "new_timestamp": "2026-03-12T08:00:30+00:00", "collisions": 0, "maneuvers_executed": 0, "total_objects": 251}
{"timestamp": "2026-03-28T15:16:20.047785+00:00", "level": "INFO", "event": "CDM_DETECTED", "sat_id": "SATELLITE-GEN-001", "deb_id": "DEB-COLLIDER-001", "tca_seconds": 30.8, "miss_distance_km": 0.1128, "risk_level": "RED"}
{"timestamp": "2026-03-28T15:16:20.054509+00:00", "level": "INFO", "event": "SIM_STEP", "new_timestamp": "2026-03-12T08:00:35+00:00", "collisions": 0, "maneuvers_executed": 0, "total_objects": 251}
{"timestamp": "2026-03-28T15:16:22.206998+00:00", "level": "INFO", "event": "SIM_STEP", "new_timestamp": "2026-03-12T08:00:40+00:00", "collisions": 0, "maneuvers_executed": 0, "total_objects": 251}
{"timestamp": "2026-03-28T15:16:24.328965+00:00", "level": "INFO", "event": "SIM_STEP", "new_timestamp": "2026-03-12T08:00:45+00:00", "collisions": 0, "maneuvers_executed": 0, "total_objects": 251}
{"timestamp": "2026-03-28T15:16:26.377522+00:00", "level": "WARNING", "event": "CDM_DETECTED", "sat_id": "SATELLITE-GEN-001", "deb_id": "DEB-COLLIDER-001", "tca_seconds": 15.8, "miss_distance_km": 0.0706, "risk_level": "CRITICAL"}
{"timestamp": "2026-03-28T15:16:26.380551+00:00", "level": "INFO", "event": "MANEUVER_SCHEDULED", "sat_id": "SATELLITE-GEN-001", "burn_id": "EVD_00001", "burn_type": "EVASION", "delta_v_ms": 15.0, "burn_time": "2026-03-12 08:01:01+00:00"}
{"timestamp": "2026-03-28T15:16:26.386175+00:00", "level": "INFO", "event": "SIM_STEP", "new_timestamp": "2026-03-12T08:00:50+00:00", "collisions": 0, "maneuvers_executed": 0, "total_objects": 251}
{"timestamp": "2026-03-28T15:16:28.449076+00:00", "level": "WARNING", "event": "CDM_DETECTED", "sat_id": "SATELLITE-GEN-001", "deb_id": "DEB-COLLIDER-001", "tca_seconds": 10.8, "miss_distance_km": 0.0697, "risk_level": "CRITICAL"}
{"timestamp": "2026-03-28T15:16:28.453603+00:00", "level": "INFO", "event": "SIM_STEP", "new_timestamp": "2026-03-12T08:00:55+00:00", "collisions": 0, "maneuvers_executed": 0, "total_objects": 251}
{"timestamp": "2026-03-28T15:16:30.517298+00:00", "level": "INFO", "event": "CDM_DETECTED", "sat_id": "SATELLITE-GEN-001", "deb_id": "DEB-COLLIDER-001", "tca_seconds": 6.0, "miss_distance_km": 1.3569, "risk_level": "YELLOW"}
{"timestamp": "2026-03-28T15:16:30.529405+00:00", "level": "INFO", "event": "SIM_STEP", "new_timestamp": "2026-03-12T08:01:00+00:00", "collisions": 0, "maneuvers_executed": 0, "total_objects": 251}
{"timestamp": "2026-03-28T15:16:32.888729+00:00", "level": "INFO", "event": "SIM_STEP", "new_timestamp": "2026-03-12T08:01:05+00:00", "collisions": 0, "maneuvers_executed": 1, "total_objects": 251}
{"timestamp": "2026-03-28T15:16:35.209422+00:00", "level": "INFO", "event": "SIM_STEP", "new_timestamp": "2026-03-12T08:01:10+00:00", "collisions": 0, "maneuvers_executed": 0, "total_objects": 251}
{"timestamp": "2026-03-28T15:16:37.357715+00:00", "level": "INFO", "event": "SIM_STEP", "new_timestamp": "2026-03-12T08:01:15+00:00", "collisions": 0, "maneuvers_executed": 0, "total_objects": 251}
{"timestamp": "2026-03-28T15:16:39.480129+00:00", "level": "INFO", "event": "SIM_STEP", "new_timestamp": "2026-03-12T08:01:20+00:00", "collisions": 0, "maneuvers_executed": 0, "total_objects": 251}
{"timestamp": "2026-03-28T15:16:41.607173+00:00", "level": "INFO", "event": "SIM_STEP", "new_timestamp": "2026-03-12T08:01:25+00:00", "collisions": 0, "maneuvers_executed": 0, "total_objects": 251}
{"timestamp": "2026-03-28T15:16:43.726217+00:00", "level": "INFO", "event": "SIM_STEP", "new_timestamp": "2026-03-12T08:01:30+00:00", "collisions": 0, "maneuvers_executed": 0, "total_objects": 251}
{"timestamp": "2026-03-28T15:16:45.816993+00:00", "level": "INFO", "event": "SIM_STEP", "new_timestamp": "2026-03-12T08:01:35+00:00", "collisions": 0, "maneuvers_executed": 0, "total_objects": 251}
{"timestamp": "2026-03-28T15:16:47.932951+00:00", "level": "INFO", "event": "SIM_STEP", "new_timestamp": "2026-03-12T08:01:40+00:00", "collisions": 0, "maneuvers_executed": 0, "total_objects": 251}
{"timestamp": "2026-03-28T15:16:49.785149+00:00", "level": "INFO", "event": "SIM_STEP", "new_timestamp": "2026-03-13T08:01:40+00:00", "collisions": 0, "maneuvers_executed": 1, "total_objects": 251}
{"timestamp": "2026-03-28T15:16:49.988702+00:00", "level": "INFO", "event": "SIM_STEP", "new_timestamp": "2026-03-13T08:01:45+00:00", "collisions": 0, "maneuvers_executed": 0, "total_objects": 251}
{"timestamp": "2026-03-28T15:16:52.045145+00:00", "level": "INFO", "event": "SIM_STEP", "new_timestamp": "2026-03-13T08:01:50+00:00", "collisions": 0, "maneuvers_executed": 0, "total_objects": 251}
{"timestamp": "2026-03-28T15:16:52.785543+00:00", "level": "INFO", "event": "SIM_STEP", "new_timestamp": "2026-03-14T08:01:50+00:00", "collisions": 0, "maneuvers_executed": 1, "total_objects": 251}
{"timestamp": "2026-03-28T15:16:54.103375+00:00", "level": "INFO", "event": "SIM_STEP", "new_timestamp": "2026-03-14T08:01:55+00:00", "collisions": 0, "maneuvers_executed": 0, "total_objects": 251}
{"timestamp": "2026-03-28T15:16:54.863459+00:00", "level": "INFO", "event": "SIM_STEP", "new_timestamp": "2026-03-15T08:01:55+00:00", "collisions": 0, "maneuvers_executed": 0, "total_objects": 251}
{"timestamp": "2026-03-28T15:16:56.165851+00:00", "level": "INFO", "event": "SIM_STEP", "new_timestamp": "2026-03-15T08:02:00+00:00", "collisions": 0, "maneuvers_executed": 0, "total_objects": 251}
{"timestamp": "2026-03-28T15:16:57.891872+00:00", "level": "INFO", "event": "SIM_STEP", "new_timestamp": "2026-03-16T08:02:00+00:00", "collisions": 0, "maneuvers_executed": 1, "total_objects": 251}
{"timestamp": "2026-03-28T15:16:58.214933+00:00", "level": "INFO", "event": "SIM_STEP", "new_timestamp": "2026-03-16T08:02:05+00:00", "collisions": 0, "maneuvers_executed": 0, "total_objects": 251}
{"timestamp": "2026-03-28T15:16:59.528302+00:00", "level": "INFO", "event": "SIM_STEP", "new_timestamp": "2026-03-17T08:02:05+00:00", "collisions": 0, "maneuvers_executed": 1, "total_objects": 251}
{"timestamp": "2026-03-28T15:17:00.276385+00:00", "level": "INFO", "event": "SIM_STEP", "new_timestamp": "2026-03-17T08:02:10+00:00", "collisions": 0, "maneuvers_executed": 0, "total_objects": 251}
{"timestamp": "2026-03-28T15:17:02.335651+00:00", "level": "INFO", "event": "SIM_STEP", "new_timestamp": "2026-03-17T08:02:15+00:00", "collisions": 0, "maneuvers_executed": 0, "total_objects": 251}
{"timestamp": "2026-03-28T15:17:04.404692+00:00", "level": "INFO", "event": "SIM_STEP", "new_timestamp": "2026-03-17T08:02:20+00:00", "collisions": 0, "maneuvers_executed": 1, "total_objects": 251}
{"timestamp": "2026-03-28T15:17:06.451923+00:00", "level": "INFO", "event": "SIM_STEP", "new_timestamp": "2026-03-17T08:02:25+00:00", "collisions": 0, "maneuvers_executed": 0, "total_objects": 251}
{"timestamp": "2026-03-28T15:17:08.493671+00:00", "level": "INFO", "event": "SIM_STEP", "new_timestamp": "2026-03-17T08:02:30+00:00", "collisions": 0, "maneuvers_executed": 0, "total_objects": 251}
{"timestamp": "2026-03-28T15:17:12.647001+00:00", "level": "INFO", "event": "SIM_STEP", "new_timestamp": "2026-03-17T09:02:30+00:00", "collisions": 0, "maneuvers_executed": 0, "total_objects": 251}
{"timestamp": "2026-03-28T15:17:14.711568+00:00", "level": "INFO", "event": "SIM_STEP", "new_timestamp": "2026-03-17T10:02:30+00:00", "collisions": 0, "maneuvers_executed": 1, "total_objects": 251}
{"timestamp": "2026-03-28T15:17:16.764213+00:00", "level": "INFO", "event": "SIM_STEP", "new_timestamp": "2026-03-17T11:02:30+00:00", "collisions": 0, "maneuvers_executed": 0, "total_objects": 251}
{"timestamp": "2026-03-28T15:17:18.822521+00:00", "level": "INFO", "event": "SIM_STEP", "new_timestamp": "2026-03-17T12:02:30+00:00", "collisions": 0, "maneuvers_executed": 1, "total_objects": 251}
{"timestamp": "2026-03-28T15:17:20.877729+00:00", "level": "INFO", "event": "SIM_STEP", "new_timestamp": "2026-03-17T13:02:30+00:00", "collisions": 0, "maneuvers_executed": 1, "total_objects": 251}
{"timestamp": "2026-03-28T15:17:22.932436+00:00", "level": "INFO", "event": "SIM_STEP", "new_timestamp": "2026-03-17T14:02:30+00:00", "collisions": 0, "maneuvers_executed": 1, "total_objects": 251}
{"timestamp": "2026-03-28T15:17:25.000137+00:00", "level": "INFO", "event": "SIM_STEP", "new_timestamp": "2026-03-17T15:02:30+00:00", "collisions": 0, "maneuvers_executed": 1, "total_objects": 251}
{"timestamp": "2026-03-28T15:17:27.057961+00:00", "level": "INFO", "event": "SIM_STEP", "new_timestamp": "2026-03-17T16:02:30+00:00", "collisions": 0, "maneuvers_executed": 1, "total_objects": 251}
{"timestamp": "2026-03-28T15:17:29.128815+00:00", "level": "INFO", "event": "SIM_STEP", "new_timestamp": "2026-03-17T17:02:30+00:00", "collisions": 0, "maneuvers_executed": 1, "total_objects": 251}
{"timestamp": "2026-03-28T15:17:31.182547+00:00", "level": "INFO", "event": "SIM_STEP", "new_timestamp": "2026-03-17T18:02:30+00:00", "collisions": 0, "maneuvers_executed": 1, "total_objects": 251}
{"timestamp": "2026-03-28T15:17:33.239045+00:00", "level": "INFO", "event": "SIM_STEP", "new_timestamp": "2026-03-17T19:02:30+00:00", "collisions": 0, "maneuvers_executed": 1, "total_objects": 251}
{"timestamp": "2026-03-28T15:17:35.316991+00:00", "level": "INFO", "event": "SIM_STEP", "new_timestamp": "2026-03-17T20:02:30+00:00", "collisions": 0, "maneuvers_executed": 1, "total_objects": 251}
{"timestamp": "2026-03-28T15:17:37.356311+00:00", "level": "INFO", "event": "SIM_STEP", "new_timestamp": "2026-03-17T21:02:30+00:00", "collisions": 0, "maneuvers_executed": 1, "total_objects": 251}
{"timestamp": "2026-03-28T15:17:39.417402+00:00", "level": "INFO", "event": "SIM_STEP", "new_timestamp": "2026-03-17T22:02:30+00:00", "collisions": 0, "maneuvers_executed": 1, "total_objects": 251}
{"timestamp": "2026-03-28T15:17:41.460837+00:00", "level": "INFO", "event": "SIM_STEP", "new_timestamp": "2026-03-17T23:02:30+00:00", "collisions": 0, "maneuvers_executed": 1, "total_objects": 251}
{"timestamp": "2026-03-28T15:17:43.523018+00:00", "level": "INFO", "event": "SIM_STEP", "new_timestamp": "2026-03-18T00:02:30+00:00", "collisions": 0, "maneuvers_executed": 1, "total_objects": 251}
{"timestamp": "2026-03-28T15:17:45.571800+00:00", "level": "INFO", "event": "SIM_STEP", "new_timestamp": "2026-03-18T01:02:30+00:00", "collisions": 0, "maneuvers_executed": 1, "total_objects": 251}
{"timestamp": "2026-03-28T15:17:47.644310+00:00", "level": "INFO", "event": "SIM_STEP", "new_timestamp": "2026-03-18T02:02:30+00:00", "collisions": 0, "maneuvers_executed": 1, "total_objects": 251}
{"timestamp": "2026-03-28T15:17:49.708300+00:00", "level": "INFO", "event": "SIM_STEP", "new_timestamp": "2026-03-18T03:02:30+00:00", "collisions": 0, "maneuvers_executed": 1, "total_objects": 251}
{"timestamp": "2026-03-28T15:17:51.762568+00:00", "level": "INFO", "event": "SIM_STEP", "new_timestamp": "2026-03-18T04:02:30+00:00", "collisions": 0, "maneuvers_executed": 1, "total_objects": 251}
{"timestamp": "2026-03-28T15:17:53.814074+00:00", "level": "INFO", "event": "SIM_STEP", "new_timestamp": "2026-03-18T05:02:30+00:00", "collisions": 0, "maneuvers_executed": 1, "total_objects": 251}
{"timestamp": "2026-03-28T15:17:55.885670+00:00", "level": "INFO", "event": "SIM_STEP", "new_timestamp": "2026-03-18T06:02:30+00:00", "collisions": 0, "maneuvers_executed": 1, "total_objects": 251}
{"timestamp": "2026-03-28T15:17:57.946289+00:00", "level": "INFO", "event": "SIM_STEP", "new_timestamp": "2026-03-18T07:02:30+00:00", "collisions": 0, "maneuvers_executed": 1, "total_objects": 251}
{"timestamp": "2026-03-28T15:18:00.024394+00:00", "level": "INFO", "event": "SIM_STEP", "new_timestamp": "2026-03-18T08:02:30+00:00", "collisions": 0, "maneuvers_executed": 1, "total_objects": 251}
{"timestamp": "2026-03-28T15:36:34.620423+00:00", "level": "INFO", "event": "SIM_STEP", "new_timestamp": "2026-03-19T08:02:30+00:00", "collisions": 0, "maneuvers_executed": 1, "total_objects": 251}
{"timestamp": "2026-03-29T13:30:31.608580+00:00", "level": "INFO", "event": "TELEMETRY_INGESTED", "object_count": 250, "cdm_warnings": 0, "sim_timestamp": "2026-03-12T08:00:00+00:00"}
{"timestamp": "2026-03-29T13:30:57.617058+00:00", "level": "INFO", "event": "TELEMETRY_INGESTED", "object_count": 250, "cdm_warnings": 0, "sim_timestamp": "2026-03-12T08:00:00+00:00"}
{"timestamp": "2026-03-29T17:12:19.717775+00:00", "level": "INFO", "event": "TELEMETRY_INGESTED", "object_count": 10094, "cdm_warnings": 0, "sim_timestamp": "2026-03-12T08:00:00+00:00"}
{"timestamp": "2026-03-29T17:26:00.036580+00:00", "level": "INFO", "event": "TELEMETRY_INGESTED", "object_count": 10094, "cdm_warnings": 0, "sim_timestamp": "2026-03-12T08:00:00+00:00"}
{"timestamp": "2026-03-29T17:27:32.647622+00:00", "level": "INFO", "event": "SIM_STEP", "new_timestamp": "2026-03-13T08:00:00+00:00", "collisions": 0, "maneuvers_executed": 0, "total_objects": 10094}
{"timestamp": "2026-03-29T17:27:45.989424+00:00", "level": "INFO", "event": "SIM_STEP", "new_timestamp": "2026-03-14T08:00:00+00:00", "collisions": 0, "maneuvers_executed": 0, "total_objects": 10094}
{"timestamp": "2026-03-29T17:27:59.464999+00:00", "level": "INFO", "event": "SIM_STEP", "new_timestamp": "2026-03-15T08:00:00+00:00", "collisions": 0, "maneuvers_executed": 0, "total_objects": 10094}
{"timestamp": "2026-03-29T17:28:12.953126+00:00", "level": "INFO", "event": "SIM_STEP", "new_timestamp": "2026-03-16T08:00:00+00:00", "collisions": 0, "maneuvers_executed": 0, "total_objects": 10094}
{"timestamp": "2026-03-30T06:20:50.394812+00:00", "level": "INFO", "event": "TELEMETRY_INGESTED", "object_count": 10094, "cdm_warnings": 0, "sim_timestamp": "2026-03-12T08:00:00+00:00"}
{"timestamp": "2026-03-30T06:40:29.473774+00:00", "level": "INFO", "event": "TELEMETRY_INGESTED", "object_count": 10094, "cdm_warnings": 0, "sim_timestamp": "2026-03-12T08:00:00+00:00"}
{"timestamp": "2026-03-30T06:40:36.952057+00:00", "level": "INFO", "event": "TELEMETRY_INGESTED", "object_count": 10094, "cdm_warnings": 0, "sim_timestamp": "2026-03-12T08:00:00+00:00"}
{"timestamp": "2026-03-30T06:42:17.236221+00:00", "level": "INFO", "event": "TELEMETRY_INGESTED", "object_count": 10094, "cdm_warnings": 0, "sim_timestamp": "2026-03-12T08:00:00+00:00"}
{"timestamp": "2026-03-30T06:47:18.143634+00:00", "level": "INFO", "event": "TELEMETRY_INGESTED", "object_count": 10094, "cdm_warnings": 0, "sim_timestamp": "2026-03-12T08:00:00+00:00"}
{"timestamp": "2026-03-30T06:52:17.406462+00:00", "level": "INFO", "event": "TELEMETRY_INGESTED", "object_count": 10094, "cdm_warnings": 0, "sim_timestamp": "2026-03-12T08:00:00+00:00"}
{"timestamp": "2026-03-30T09:54:32.033527+00:00", "level": "INFO", "event": "TELEMETRY_INGESTED", "object_count": 10094, "cdm_warnings": 0, "sim_timestamp": "2026-03-12T08:00:00+00:00"}
{"timestamp": "2026-04-02T12:49:06.366077+00:00", "level": "INFO", "event": "TELEMETRY_INGESTED", "object_count": 10094, "cdm_warnings": 0, "sim_timestamp": "2026-03-12T08:00:00+00:00"}
{"timestamp": "2026-04-02T12:51:47.868865+00:00", "level": "INFO", "event": "TELEMETRY_INGESTED", "object_count": 10094, "cdm_warnings": 0, "sim_timestamp": "2026-03-12T08:00:00+00:00"}
{"timestamp": "2026-04-02T12:52:42.210377+00:00", "level": "INFO", "event": "TELEMETRY_INGESTED", "object_count": 10094, "cdm_warnings": 0, "sim_timestamp": "2026-03-12T08:00:00+00:00"}
{"timestamp": "2026-04-02T12:52:55.970416+00:00", "level": "INFO", "event": "TELEMETRY_INGESTED", "object_count": 10094, "cdm_warnings": 0, "sim_timestamp": "2026-03-12T08:00:00+00:00"}
{"timestamp": "2026-04-02T12:58:35.441467+00:00", "level": "INFO", "event": "SIM_STEP", "new_timestamp": "2026-03-13T08:00:00+00:00", "collisions": 0, "maneuvers_executed": 0, "total_objects": 10094}
{"timestamp": "2026-04-02T12:59:45.175915+00:00", "level": "INFO", "event": "SIM_STEP", "new_timestamp": "2026-03-14T08:00:00+00:00", "collisions": 0, "maneuvers_executed": 0, "total_objects": 10094}
{"timestamp": "2026-04-02T13:12:14.905743+00:00", "level": "INFO", "event": "TELEMETRY_INGESTED", "object_count": 10094, "cdm_warnings": 0, "sim_timestamp": "2026-03-12T08:00:00+00:00"}
{"timestamp": "2026-04-02T13:12:53.589812+00:00", "level": "INFO", "event": "TELEMETRY_INGESTED", "object_count": 1, "cdm_warnings": 0, "sim_timestamp": "2026-03-28T12:00:00.000Z"}
{"timestamp": "2026-04-02T13:13:00.768085+00:00", "level": "INFO", "event": "SIM_STEP", "new_timestamp": "2026-03-28T12:01:00+00:00", "collisions": 0, "maneuvers_executed": 0, "total_objects": 10095}
{"timestamp": "2026-04-02T13:14:13.512524+00:00", "level": "INFO", "event": "SIM_STEP", "new_timestamp": "2026-03-29T12:01:00+00:00", "collisions": 0, "maneuvers_executed": 0, "total_objects": 10095}
{"timestamp": "2026-04-02T13:14:37.029381+00:00", "level": "INFO", "event": "SIM_STEP", "new_timestamp": "2026-03-29T13:01:00+00:00", "collisions": 0, "maneuvers_executed": 0, "total_objects": 10095}
{"timestamp": "2026-04-02T13:14:45.672936+00:00", "level": "INFO", "event": "SIM_STEP", "new_timestamp": "2026-03-29T14:01:00+00:00", "collisions": 0, "maneuvers_executed": 0, "total_objects": 10095}
{"timestamp": "2026-04-02T13:14:54.666945+00:00", "level": "INFO", "event": "SIM_STEP", "new_timestamp": "2026-03-29T15:01:00+00:00", "collisions": 0, "maneuvers_executed": 0, "total_objects": 10095}
{"timestamp": "2026-04-02T13:15:07.470022+00:00", "level": "INFO", "event": "CDM_DETECTED", "sat_id": "SATELLITE-GEN-001", "deb_id": "DEB-COLLIDER-001", "tca_seconds": 26.4, "miss_distance_km": 0.1114, "risk_level": "RED"}
{"timestamp": "2026-04-02T13:15:07.662901+00:00", "level": "INFO", "event": "TELEMETRY_INGESTED", "object_count": 1, "cdm_warnings": 1, "sim_timestamp": "2026-03-29T15:01:00.000Z"}
{"timestamp": "2026-04-02T13:15:16.998088+00:00", "level": "WARNING", "event": "CDM_DETECTED", "sat_id": "SATELLITE-GEN-001", "deb_id": "DEB-COLLIDER-001", "tca_seconds": 21.4, "miss_distance_km": 0.0598, "risk_level": "CRITICAL"}
{"timestamp": "2026-04-02T13:15:17.043646+00:00", "level": "INFO", "event": "SIM_STEP", "new_timestamp": "2026-03-29T15:01:05+00:00", "collisions": 0, "maneuvers_executed": 0, "total_objects": 10096}
{"timestamp": "2026-04-02T13:15:23.055449+00:00", "level": "WARNING", "event": "CDM_DETECTED", "sat_id": "SATELLITE-GEN-001", "deb_id": "DEB-COLLIDER-001", "tca_seconds": 16.4, "miss_distance_km": 0.0282, "risk_level": "CRITICAL"}
{"timestamp": "2026-04-02T13:15:23.107262+00:00", "level": "INFO", "event": "SIM_STEP", "new_timestamp": "2026-03-29T15:01:10+00:00", "collisions": 0, "maneuvers_executed": 0, "total_objects": 10096}
{"timestamp": "2026-04-02T13:15:29.815889+00:00", "level": "WARNING", "event": "CDM_DETECTED", "sat_id": "SATELLITE-GEN-001", "deb_id": "DEB-COLLIDER-001", "tca_seconds": 11.4, "miss_distance_km": 0.0131, "risk_level": "CRITICAL"}
{"timestamp": "2026-04-02T13:15:29.859401+00:00", "level": "INFO", "event": "SIM_STEP", "new_timestamp": "2026-03-29T15:01:15+00:00", "collisions": 0, "maneuvers_executed": 0, "total_objects": 10096}
{"timestamp": "2026-04-02T13:15:35.935449+00:00", "level": "WARNING", "event": "CDM_DETECTED", "sat_id": "SATELLITE-GEN-001", "deb_id": "DEB-COLLIDER-001", "tca_seconds": 6.4, "miss_distance_km": 0.0097, "risk_level": "CRITICAL"}
{"timestamp": "2026-04-02T13:15:35.975521+00:00", "level": "INFO", "event": "SIM_STEP", "new_timestamp": "2026-03-29T15:01:20+00:00", "collisions": 0, "maneuvers_executed": 0, "total_objects": 10096}
{"timestamp": "2026-04-02T13:15:41.821643+00:00", "level": "INFO", "event": "SIM_STEP", "new_timestamp": "2026-03-29T15:01:25+00:00", "collisions": 0, "maneuvers_executed": 0, "total_objects": 10096}
{"timestamp": "2026-04-02T13:15:48.186081+00:00", "level": "INFO", "event": "SIM_STEP", "new_timestamp": "2026-03-29T15:01:30+00:00", "collisions": 0, "maneuvers_executed": 0, "total_objects": 10096}
{"timestamp": "2026-04-02T13:15:57.443051+00:00", "level": "INFO", "event": "SIM_STEP", "new_timestamp": "2026-03-29T15:01:35+00:00", "collisions": 0, "maneuvers_executed": 0, "total_objects": 10096}
{"timestamp": "2026-04-02T13:16:04.812570+00:00", "level": "INFO", "event": "SIM_STEP", "new_timestamp": "2026-03-29T15:01:40+00:00", "collisions": 0, "maneuvers_executed": 0, "total_objects": 10096}
{"timestamp": "2026-04-02T13:16:13.571636+00:00", "level": "INFO", "event": "SIM_STEP", "new_timestamp": "2026-03-29T15:01:45+00:00", "collisions": 0, "maneuvers_executed": 0, "total_objects": 10096}
{"timestamp": "2026-04-02T13:16:20.690425+00:00", "level": "INFO", "event": "SIM_STEP", "new_timestamp": "2026-03-29T15:01:50+00:00", "collisions": 0, "maneuvers_executed": 0, "total_objects": 10096}
{"timestamp": "2026-04-02T13:16:27.399153+00:00", "level": "INFO", "event": "SIM_STEP", "new_timestamp": "2026-03-29T15:01:55+00:00", "collisions": 0, "maneuvers_executed": 0, "total_objects": 10096}
{"timestamp": "2026-04-02T13:16:33.748795+00:00", "level": "INFO", "event": "SIM_STEP", "new_timestamp": "2026-03-29T15:02:00+00:00", "collisions": 0, "maneuvers_executed": 0, "total_objects": 10096}
{"timestamp": "2026-04-02T13:16:40.840842+00:00", "level": "INFO", "event": "SIM_STEP", "new_timestamp": "2026-03-29T15:02:05+00:00", "collisions": 0, "maneuvers_executed": 0, "total_objects": 10096}
{"timestamp": "2026-04-02T13:16:46.700819+00:00", "level": "INFO", "event": "SIM_STEP", "new_timestamp": "2026-03-29T15:02:10+00:00", "collisions": 0, "maneuvers_executed": 0, "total_objects": 10096}
{"timestamp": "2026-04-02T13:16:53.557092+00:00", "level": "INFO", "event": "SIM_STEP", "new_timestamp": "2026-03-29T15:02:15+00:00", "collisions": 0, "maneuvers_executed": 0, "total_objects": 10096}
{"timestamp": "2026-04-02T13:16:59.413374+00:00", "level": "INFO", "event": "SIM_STEP", "new_timestamp": "2026-03-29T15:02:20+00:00", "collisions": 0, "maneuvers_executed": 0, "total_objects": 10096}
{"timestamp": "2026-04-02T13:17:08.457023+00:00", "level": "INFO", "event": "SIM_STEP", "new_timestamp": "2026-03-29T15:02:25+00:00", "collisions": 0, "maneuvers_executed": 0, "total_objects": 10096}
{"timestamp": "2026-04-02T13:17:21.391727+00:00", "level": "INFO", "event": "SIM_STEP", "new_timestamp": "2026-03-29T15:02:30+00:00", "collisions": 0, "maneuvers_executed": 0, "total_objects": 10096}
{"timestamp": "2026-04-02T13:17:32.470878+00:00", "level": "INFO", "event": "SIM_STEP", "new_timestamp": "2026-03-29T15:02:35+00:00", "collisions": 0, "maneuvers_executed": 0, "total_objects": 10096}
{"timestamp": "2026-04-02T13:17:43.378728+00:00", "level": "INFO", "event": "SIM_STEP", "new_timestamp": "2026-03-29T15:02:40+00:00", "collisions": 0, "maneuvers_executed": 0, "total_objects": 10096}
{"timestamp": "2026-04-02T13:17:57.528525+00:00", "level": "INFO", "event": "SIM_STEP", "new_timestamp": "2026-03-29T15:02:45+00:00", "collisions": 0, "maneuvers_executed": 0, "total_objects": 10096}
{"timestamp": "2026-04-02T13:19:59.587091+00:00", "level": "INFO", "event": "SIM_STEP", "new_timestamp": "2026-03-30T15:02:45+00:00", "collisions": 0, "maneuvers_executed": 0, "total_objects": 10096}
{"timestamp": "2026-04-02T13:20:10.633056+00:00", "level": "INFO", "event": "SIM_STEP", "new_timestamp": "2026-03-30T15:02:50+00:00", "collisions": 0, "maneuvers_executed": 0, "total_objects": 10096}
{"timestamp": "2026-04-02T17:34:13.569449+00:00", "level": "INFO", "event": "TELEMETRY_INGESTED", "object_count": 10094, "cdm_warnings": 0, "sim_timestamp": "2026-03-12T08:00:00+00:00"}
{"timestamp": "2026-04-02T18:27:53.319460+00:00", "level": "INFO", "event": "TELEMETRY_INGESTED", "object_count": 10094, "cdm_warnings": 0, "sim_timestamp": "2026-03-12T08:00:00+00:00"}
{"timestamp": "2026-04-02T18:28:01.673408+00:00", "level": "INFO", "event": "TELEMETRY_INGESTED", "object_count": 10094, "cdm_warnings": 0, "sim_timestamp": "2026-03-12T08:00:00+00:00"}
{"timestamp": "2026-04-02T18:31:10.573762+00:00", "level": "INFO", "event": "TELEMETRY_INGESTED", "object_count": 10094, "cdm_warnings": 0, "sim_timestamp": "2026-03-12T08:00:00+00:00"}
{"timestamp": "2026-04-02T18:33:32.098795+00:00", "level": "INFO", "event": "SIM_STEP", "new_timestamp": "2026-03-13T08:00:00+00:00", "collisions": 0, "maneuvers_executed": 0, "total_objects": 10094}
{"timestamp": "2026-04-02T18:34:10.818966+00:00", "level": "INFO", "event": "SIM_STEP", "new_timestamp": "2026-03-14T08:00:00+00:00", "collisions": 0, "maneuvers_executed": 0, "total_objects": 10094}
